Added Component: Designator=CN5(Header 2x2 Right Angle)
Added Pin To Net: NetName=GND Pin=CN3-3
Added Pin To Net: NetName=GND Pin=CN3-4
Added Pin To Net: NetName=DIR_PB0 Pin=CN1-5
Added Pin To Net: NetName=DIR_PB0 Pin=U1-8
Added Net: Name=DIR_PB0
Added Pin To Net: NetName=EN_PB1 Pin=CN1-7
Added Pin To Net: NetName=EN_PB1 Pin=U1-1
Added Net: Name=EN_PB1
Added Pin To Net: NetName=PA2 Pin=CN2-20
Added Net: Name=PA2
Added Pin To Net: NetName=PA3 Pin=CN2-18
Added Net: Name=PA3
Added Pin To Net: NetName=PA4 Pin=CN2-16
Added Net: Name=PA4
Added Pin To Net: NetName=PA5 Pin=CN1-15
Added Net: Name=PA5
Added Pin To Net: NetName=PA6 Pin=CN1-17
Added Net: Name=PA6
Added Pin To Net: NetName=PA7 Pin=CN1-19
Added Net: Name=PA7
Added Pin To Net: NetName=PB2 Pin=CN2-4
Added Net: Name=PB2
Added Pin To Net: NetName=PB3 Pin=CN2-5
Added Net: Name=PB3
Added Pin To Net: NetName=PB4 Pin=CN1-13
Added Net: Name=PB4
Added Pin To Net: NetName=PB6 Pin=CN2-14
Added Net: Name=PB6
Added Pin To Net: NetName=PB7 Pin=CN2-12
Added Net: Name=PB7
Added Pin To Net: NetName=PC4 Pin=CN2-7
Added Net: Name=PC4
Added Pin To Net: NetName=PC5 Pin=CN2-9
Added Net: Name=PC5
Added Pin To Net: NetName=PC6 Pin=CN2-11
Added Net: Name=PC6
Added Pin To Net: NetName=PC7 Pin=CN2-13
Added Net: Name=PC7
Added Pin To Net: NetName=PD0] Pin=CN1-6
Added Net: Name=PD0]
Added Pin To Net: NetName=PD1 Pin=CN1-8
Added Net: Name=PD1
Added Pin To Net: NetName=PD2 Pin=CN1-10
Added Net: Name=PD2
Added Pin To Net: NetName=PD3 Pin=CN1-12
Added Net: Name=PD3
Added Pin To Net: NetName=PD6 Pin=CN2-15
Added Net: Name=PD6
Added Pin To Net: NetName=PD7 Pin=CN2-17
Added Net: Name=PD7
Added Pin To Net: NetName=PE0 Pin=CN2-6
Added Net: Name=PE0
Added Pin To Net: NetName=PE1 Pin=CN1-14
Added Net: Name=PE1
Added Pin To Net: NetName=PE4 Pin=CN1-9
Added Net: Name=PE4
Added Pin To Net: NetName=PE5 Pin=CN1-11
Added Net: Name=PE5
Added Pin To Net: NetName=PF0 Pin=CN2-8
Added Net: Name=PF0
Added Pin To Net: NetName=PF1 Pin=CN1-20
Added Net: Name=PF1
Added Pin To Net: NetName=PF2 Pin=CN2-1
Added Net: Name=PF2
Added Pin To Net: NetName=PF3 Pin=CN2-3
Added Net: Name=PF3
Added Pin To Net: NetName=PF4 Pin=CN2-19
Added Net: Name=PF4
Added Pin To Net: NetName=RST Pin=CN2-10
Added Net: Name=RST
Added Pin To Net: NetName=STEP_PB5 Pin=CN1-3
Added Pin To Net: NetName=STEP_PB5 Pin=U1-7
Added Net: Name=STEP_PB5
Added Pin To Net: NetName=XF_PE3 Pin=CN1-18
Added Pin To Net: NetName=XF_PE3 Pin=CN3-1
Added Net: Name=XF_PE3
Added Pin To Net: NetName=XI_PE2 Pin=CN1-16
Added Pin To Net: NetName=XI_PE2 Pin=CN3-2
Added Net: Name=XI_PE2
Added Member To Class: ClassName=Schematic Member=Component CN5 Header 2X2 Right Angle
